{"C:\\Users\\Cana\\Documents\\GitHub\\obsidian-sync-remotestorage\\fileScanner.ts": {"path":"C:\\Users\\Cana\\Documents\\GitHub\\obsidian-sync-remotestorage\\fileScanner.ts","statementMap":{"0":{"start":{"line":7,"column":2},"end":{"line":7,"column":26}},"1":{"start":{"line":9,"column":2},"end":{"line":9,"column":null}},"2":{"start":{"line":6,"column":0},"end":{"line":6,"column":16}}},"fnMap":{"0":{"name":"scanFiles","decl":{"start":{"line":6,"column":16},"end":{"line":6,"column":25}},"loc":{"start":{"line":6,"column":42},"end":{"line":10,"column":1}}}},"branchMap":{},"s":{"0":1,"1":1,"2":1},"f":{"0":1},"b":{}}
}
